"E:/Documents/GitHub/BattleCars/BattleCars.uproject" 1
"../../../Engine/Plugins/2D/Paper2D/Paper2D.uplugin" 2
"../../../Engine/Plugins/Developer/BlankPlugin/BlankPlugin.uplugin" 3
"../../../Engine/Plugins/Developer/GitSourceControl/GitSourceControl.uplugin" 4
"../../../Engine/Plugins/Developer/KDevelopSourceCodeAccess/KDevelopSourceCodeAccess.uplugin" 5
"../../../Engine/Plugins/Developer/PerforceSourceControl/PerforceSourceControl.uplugin" 6
"../../../Engine/Plugins/Developer/SubversionSourceControl/SubversionSourceControl.uplugin" 7
"../../../Engine/Plugins/Developer/UObjectPlugin/UObjectPlugin.uplugin" 8
"../../../Engine/Plugins/Developer/VisualStudioSourceCodeAccess/VisualStudioSourceCodeAccess.uplugin" 9
"../../../Engine/Plugins/Developer/XCodeSourceCodeAccess/XCodeSourceCodeAccess.uplugin" 10
"../../../Engine/Plugins/Editor/EpicSurvey/EpicSurvey.uplugin" 11
"../../../Engine/Plugins/Editor/MacGraphicsSwitching/MacGraphicsSwitching.uplugin" 12
"../../../Engine/Plugins/Editor/PluginsEditor/PluginsEditor.uplugin" 13
"../../../Engine/Plugins/Editor/SpeedTreeImporter/SpeedTreeImporter.uplugin" 14
"../../../Engine/Plugins/Experimental/BlueprintStats/BlueprintStats.uplugin" 15
"../../../Engine/Plugins/Experimental/CharacterAI/CharacterAI.uplugin" 16
"../../../Engine/Plugins/Experimental/CodeView/CodeView.uplugin" 17
"../../../Engine/Plugins/Experimental/LiveEditor/LiveEditor.uplugin" 18
"../../../Engine/Plugins/Experimental/Phya/Phya.uplugin" 19
"../../../Engine/Plugins/Experimental/SimpleHMD/SimpleHMD.uplugin" 20
"../../../Engine/Plugins/Experimental/SteamVR/SteamVR.uplugin" 21
"../../../Engine/Plugins/Media/AndroidMedia/AndroidMedia.uplugin" 22
"../../../Engine/Plugins/Media/AvfMedia/AvfMedia.uplugin" 23
"../../../Engine/Plugins/Media/MediaPlayerEditor/MediaPlayerEditor.uplugin" 24
"../../../Engine/Plugins/Media/WmfMedia/WmfMedia.uplugin" 25
"../../../Engine/Plugins/Messaging/MessagingDebugger/MessagingDebugger.uplugin" 26
"../../../Engine/Plugins/Messaging/ShmMessaging/ShmMessaging.uplugin" 27
"../../../Engine/Plugins/Messaging/UdpMessaging/UdpMessaging.uplugin" 28
"../../../Engine/Plugins/Runtime/Advertising/IOSTapJoy/IOSTapJoy.uplugin" 29
"../../../Engine/Plugins/Runtime/Analytics/AnalyticsBlueprintLibrary/AnalyticsBlueprintLibrary.uplugin" 30
"../../../Engine/Plugins/Runtime/Analytics/Apsalar/IOSApsalar/IOSApsalar.uplugin" 31
"../../../Engine/Plugins/Runtime/Analytics/FileLogging/FileLogging.uplugin" 32
"../../../Engine/Plugins/Runtime/AndroidDeviceProfileSelector/AndroidDeviceProfileSelector.uplugin" 33
"../../../Engine/Plugins/Runtime/AndroidMoviePlayer/AndroidMoviePlayer.uplugin" 34
"../../../Engine/Plugins/Runtime/AppleMoviePlayer/AppleMoviePlayer.uplugin" 35
"../../../Engine/Plugins/Runtime/CableComponent/CableComponent.uplugin" 36
"../../../Engine/Plugins/Runtime/CustomMeshComponent/CustomMeshComponent.uplugin" 37
"../../../Engine/Plugins/Runtime/ExampleDeviceProfileSelector/ExampleDeviceProfileSelector.uplugin" 38
"../../../Engine/Plugins/Runtime/GearVR/GearVR.uplugin" 39
"../../../Engine/Plugins/Runtime/IOSDeviceProfileSelector/IOSDeviceProfileSelector.uplugin" 40
"../../../Engine/Plugins/Runtime/LiveEditorListenServer/LiveEditorListenServer.uplugin" 41
"../../../Engine/Plugins/Runtime/OculusRift/OculusRift.uplugin" 42
"../../../Engine/Plugins/Runtime/SoundMod/SoundMod.uplugin" 43
"../../../Engine/Plugins/Runtime/SoundVisualizations/SoundVisualizations.uplugin" 44
"../../../Engine/Plugins/Runtime/TwitchLiveStreaming/TwitchLiveStreaming.uplugin" 45
"../../../Engine/Plugins/Runtime/WindowsDeviceProfileSelector/WindowsDeviceProfileSelector.uplugin" 46
"../../../Engine/Plugins/Runtime/WindowsMoviePlayer/WindowsMoviePlayer.uplugin" 47
"../../../Engine/Plugins/ScriptGeneratorPlugin/ScriptGeneratorPlugin.uplugin" 48
"../../../Engine/Plugins/ScriptPlugin/ScriptPlugin.uplugin" 49
"../../../Engine/Plugins/Slate/SlateRemote/SlateRemote.uplugin" 50
"..\..\..\Engine\Content\Internationalization\icudt53l\cnvalias.icu" 51
"..\..\..\Engine\Content\Internationalization\icudt53l\en_US_POSIX.res" 52
"..\..\..\Engine\Content\Internationalization\icudt53l\pool.res" 53
"..\..\..\Engine\Content\Internationalization\icudt53l\en_US.res" 54
"..\..\..\Engine\Content\Internationalization\icudt53l\en.res" 55
"..\..\..\Engine\Content\Internationalization\icudt53l\root.res" 56
"..\..\..\Engine\Content\Internationalization\icudt53l\coll\ucadata.icu" 57
"..\..\..\Engine\Content\Internationalization\icudt53l\nfc.nrm" 58
"..\..\..\Engine\Content\Internationalization\icudt53l\coll\en_US_POSIX.res" 59
"..\..\..\Engine\Content\Internationalization\icudt53l\coll\en_US.res" 60
"..\..\..\Engine\Content\Internationalization\icudt53l\coll\en.res" 61
"..\..\..\Engine\Content\Internationalization\icudt53l\coll\root.res" 62
"..\..\..\Engine\Content\Internationalization\icudt53l\numberingSystems.res" 63
"..\..\..\Engine\Content\Internationalization\icudt53l\curr\supplementalData.res" 64
"..\..\..\Engine\Content\Internationalization\icudt53l\curr\pool.res" 65
"..\..\..\Engine\Content\Internationalization\icudt53l\curr\en.res" 66
"..\..\..\Engine\Content\Internationalization\icudt53l\curr\root.res" 67
"..\..\..\Engine\Content\Internationalization\icudt53l\plurals.res" 68
"..\..\..\Engine\Content\Internationalization\icudt53l\windowsZones.res" 69
"..\..\..\Engine\Content\Internationalization\icudt53l\zoneinfo64.res" 70
"..\..\..\Engine\Content\Internationalization\icudt53l\keyTypeData.res" 71
"..\..\..\Engine\Content\Internationalization\icudt53l\timezoneTypes.res" 72
"..\..\..\Engine\Content\Internationalization\icudt53l\supplementalData.res" 73
"..\..\..\Engine\Content\Internationalization\icudt53l\likelySubtags.res" 74
"../../../Engine/Config/Base.ini" 75
"../../../Engine/Config/BaseEngine.ini" 76
"../../../../../../Documents/GitHub/BattleCars/Config/DefaultEngine.ini" 77
"../../../Engine/Config/Windows/WindowsEngine.ini" 78
"E:/Documents/GitHub/BattleCars/Saved/Config/Windows/Engine.ini" 79
"../../../../../../Documents/GitHub/BattleCars/Intermediate/Config/CoalescedSourceConfigs/Engine.ini" 80
"../../../Engine/Config/BaseGame.ini" 81
"../../../../../../Documents/GitHub/BattleCars/Config/DefaultGame.ini" 82
"E:/Documents/GitHub/BattleCars/Saved/Config/Windows/Game.ini" 83
"../../../../../../Documents/GitHub/BattleCars/Intermediate/Config/CoalescedSourceConfigs/Game.ini" 84
"../../../Engine/Config/BaseInput.ini" 85
"../../../../../../Documents/GitHub/BattleCars/Config/DefaultInput.ini" 86
"E:/Documents/GitHub/BattleCars/Saved/Config/Windows/Input.ini" 87
"../../../../../../Documents/GitHub/BattleCars/Intermediate/Config/CoalescedSourceConfigs/Input.ini" 88
"../../../Engine/Config/BaseEditor.ini" 89
"../../../../../../Documents/GitHub/BattleCars/Config/DefaultEditor.ini" 90
"E:/Documents/GitHub/BattleCars/Saved/Config/Windows/Editor.ini" 91
"../../../../../../Documents/GitHub/BattleCars/Intermediate/Config/CoalescedSourceConfigs/Editor.ini" 92
"../../../Engine/Config/BaseEditorLayout.ini" 93
"E:/Documents/GitHub/BattleCars/Saved/Config/Windows/EditorLayout.ini" 94
"../../../../../../Documents/GitHub/BattleCars/Intermediate/Config/CoalescedSourceConfigs/EditorLayout.ini" 95
"../../../Engine/Config/BaseEditorUserSettings.ini" 96
"../../../../../../Documents/GitHub/BattleCars/Config/DefaultEditorUserSettings.ini" 97
"E:/Documents/GitHub/BattleCars/Saved/Config/Windows/EditorUserSettings.ini" 98
"../../../../../../Documents/GitHub/BattleCars/Intermediate/Config/CoalescedSourceConfigs/EditorUserSettings.ini" 99
"../../../Engine/Config/BaseEditorKeyBindings.ini" 100
"E:/Documents/GitHub/BattleCars/Saved/Config/Windows/EditorKeyBindings.ini" 101
"../../../../../../Documents/GitHub/BattleCars/Intermediate/Config/CoalescedSourceConfigs/EditorKeyBindings.ini" 102
"../../../Engine/Config/BaseCompat.ini" 103
"E:/Documents/GitHub/BattleCars/Saved/Config/Windows/Compat.ini" 104
"../../../../../../Documents/GitHub/BattleCars/Intermediate/Config/CoalescedSourceConfigs/Compat.ini" 105
"../../../Engine/Config/BaseLightmass.ini" 106
"E:/Documents/GitHub/BattleCars/Saved/Config/Windows/Lightmass.ini" 107
"../../../../../../Documents/GitHub/BattleCars/Intermediate/Config/CoalescedSourceConfigs/Lightmass.ini" 108
"../../../Engine/Config/BaseScalability.ini" 109
"E:/Documents/GitHub/BattleCars/Saved/Config/Windows/Scalability.ini" 110
"../../../../../../Documents/GitHub/BattleCars/Intermediate/Config/CoalescedSourceConfigs/Scalability.ini" 111
"E:/Documents/GitHub/BattleCars/Saved/Config/Windows/GameUserSettings.ini" 112
"../../../../../../Documents/GitHub/BattleCars/Intermediate/Config/CoalescedSourceConfigs/GameUserSettings.ini" 113
"../../../Engine/Config/BaseDeviceProfiles.ini" 114
"E:/Documents/GitHub/BattleCars/Saved/Config/Windows/DeviceProfiles.ini" 115
"../../../../../../Documents/GitHub/BattleCars/Intermediate/Config/CoalescedSourceConfigs/DeviceProfiles.ini" 116
"../../../Engine/Config/ConsoleVariables.ini" 117
"..\..\..\Engine\Content\Internationalization\icudt53l\es.res" 118
"..\..\..\Engine\Content\Internationalization\icudt53l\coll\es.res" 119
"..\..\..\Engine\Content\Internationalization\icudt53l\curr\es.res" 120
"..\..\..\Engine\Content\Internationalization\icudt53l\es_ES.res" 121
"..\..\..\Engine\Content\Internationalization\icudt53l\ja.res" 122
"..\..\..\Engine\Content\Internationalization\icudt53l\coll\ja.res" 123
"..\..\..\Engine\Content\Internationalization\icudt53l\curr\ja.res" 124
"..\..\..\Engine\Content\Internationalization\icudt53l\ja_JP.res" 125
"..\..\..\Engine\Content\Internationalization\icudt53l\ko.res" 126
"..\..\..\Engine\Content\Internationalization\icudt53l\coll\ko.res" 127
"..\..\..\Engine\Content\Internationalization\icudt53l\curr\ko.res" 128
"..\..\..\Engine\Content\Internationalization\icudt53l\ko_KR.res" 129
"..\..\..\Engine\Content\Internationalization\icudt53l\pt_BR.res" 130
"..\..\..\Engine\Content\Internationalization\icudt53l\pt.res" 131
"..\..\..\Engine\Content\Internationalization\icudt53l\coll\pt.res" 132
"..\..\..\Engine\Content\Internationalization\icudt53l\curr\pt.res" 133
"..\..\..\Engine\Content\Internationalization\icudt53l\zh_CN.res" 134
"..\..\..\Engine\Content\Internationalization\icudt53l\zh_Hans_CN.res" 135
"..\..\..\Engine\Content\Internationalization\icudt53l\zh_Hans.res" 136
"..\..\..\Engine\Content\Internationalization\icudt53l\zh.res" 137
"..\..\..\Engine\Content\Internationalization\icudt53l\coll\zh_CN.res" 138
"..\..\..\Engine\Content\Internationalization\icudt53l\coll\zh_Hans_CN.res" 139
"..\..\..\Engine\Content\Internationalization\icudt53l\coll\zh_Hans.res" 140
"..\..\..\Engine\Content\Internationalization\icudt53l\coll\zh.res" 141
"..\..\..\Engine\Content\Internationalization\icudt53l\curr\zh_CN.res" 142
"..\..\..\Engine\Content\Internationalization\icudt53l\curr\zh_Hans_CN.res" 143
"..\..\..\Engine\Content\Internationalization\icudt53l\curr\zh_Hans.res" 144
"..\..\..\Engine\Content\Internationalization\icudt53l\curr\zh.res" 145
"E:/Program Files/Epic Games/4.7/Engine/Content/Localization/Editor/en/Editor.locres" 146
"E:/Program Files/Epic Games/4.7/Engine/Content/Localization/EditorTutorials/en/EditorTutorials.locres" 147
"E:/Program Files/Epic Games/4.7/Engine/Content/Localization/Engine/en/Engine.locres" 148
"../../../Engine/Content/Slate/Fonts/Roboto-Regular.ttf" 149
"../../../Engine/Content/Slate/Fonts/DroidSansMono.ttf" 150
"../../../Engine/Content/Slate/Fonts/Roboto-Bold.ttf" 151
"../../../Engine/Content/Slate/Fonts/Roboto-Light.ttf" 152
"E:/Program Files/Epic Games/4.7/Engine/Binaries/Win64/../../../Engine/Shaders/ParticleSpriteVertexFactory.usf" 153
"E:/Program Files/Epic Games/4.7/Engine/Binaries/Win64/../../../Engine/Shaders/VertexFactoryCommon.usf" 154
"E:/Program Files/Epic Games/4.7/Engine/Binaries/Win64/../../../Engine/Shaders/Common.usf" 155
"E:/Program Files/Epic Games/4.7/Engine/Binaries/Win64/../../../Engine/Shaders/MetalCommon.usf" 156
"E:/Program Files/Epic Games/4.7/Engine/Binaries/Win64/../../../Engine/Shaders/ShaderVersion.usf" 157
"E:/Program Files/Epic Games/4.7/Engine/Binaries/Win64/../../../Engine/Shaders/Definitions.usf" 158
"E:/Program Files/Epic Games/4.7/Engine/Binaries/Win64/../../../Engine/Shaders/Random.usf" 159
"E:/Program Files/Epic Games/4.7/Engine/Binaries/Win64/../../../Engine/Shaders/ParticleVertexFactoryCommon.usf" 160
"E:/Program Files/Epic Games/4.7/Engine/Binaries/Win64/../../../Engine/Shaders/ParticleGPUSpriteVertexFactory.usf" 161
"E:/Program Files/Epic Games/4.7/Engine/Binaries/Win64/../../../Engine/Shaders/ParticleBeamTrailVertexFactory.usf" 162
"E:/Program Files/Epic Games/4.7/Engine/Binaries/Win64/../../../Engine/Shaders/VectorFieldVisualizationVertexFactory.usf" 163
"E:/Program Files/Epic Games/4.7/Engine/Binaries/Win64/../../../Engine/Shaders/LocalVertexFactory.usf" 164
"E:/Program Files/Epic Games/4.7/Engine/Binaries/Win64/../../../Engine/Shaders/LocalVertexFactoryCommon.usf" 165
"E:/Program Files/Epic Games/4.7/Engine/Binaries/Win64/../../../Engine/Shaders/MeshParticleVertexFactory.usf" 166
"E:/Program Files/Epic Games/4.7/Engine/Binaries/Win64/../../../Engine/Shaders/GpuSkinVertexFactory.usf" 167
"E:/Program Files/Epic Games/4.7/Engine/Binaries/Win64/../../../Engine/Shaders/GpuSkinCacheCommon.usf" 168
"E:/Program Files/Epic Games/4.7/Engine/Binaries/Win64/../../../Engine/Shaders/LandscapeVertexFactory.usf" 169
"E:/Program Files/Epic Games/4.7/Engine/Binaries/Win64/../../../Engine/Shaders/SlateElementPixelShader.usf" 170
"E:/Program Files/Epic Games/4.7/Engine/Binaries/Win64/../../../Engine/Shaders/MaterialTemplate.usf" 171
"E:/Program Files/Epic Games/4.7/Engine/Binaries/Win64/../../../Engine/Shaders/DepthOfFieldCommon.usf" 172
"E:/Program Files/Epic Games/4.7/Engine/Binaries/Win64/../../../Engine/Shaders/SpeedTreeCommon.usf" 173
"E:/Program Files/Epic Games/4.7/Engine/Binaries/Win64/../../../Engine/Shaders/AtmosphereCommon.usf" 174
"E:/Program Files/Epic Games/4.7/Engine/Binaries/Win64/../../../Engine/Shaders/PostProcessCommon.usf" 175
"E:/Program Files/Epic Games/4.7/Engine/Binaries/Win64/../../../Engine/Shaders/DeferredShadingCommon.usf" 176
"E:/Program Files/Epic Games/4.7/Engine/Binaries/Win64/../../../Engine/Shaders/LightAccumulator.usf" 177
"E:/Program Files/Epic Games/4.7/Engine/Binaries/Win64/../../../Engine/Shaders/SlateVertexShader.usf" 178
"E:/Program Files/Epic Games/4.7/Engine/Binaries/Win64/../../../Engine/Shaders/OneColorShader.usf" 179
"E:/Program Files/Epic Games/4.7/Engine/Binaries/Win64/../../../Engine/Shaders/ResolveVertexShader.usf" 180
"E:/Program Files/Epic Games/4.7/Engine/Binaries/Win64/../../../Engine/Shaders/ResolvePixelShader.usf" 181
"E:/Program Files/Epic Games/4.7/Engine/Binaries/Win64/../../../Engine/Shaders/VisualizeTexture.usf" 182
"E:/Program Files/Epic Games/4.7/Engine/Binaries/Win64/../../../Engine/Shaders/ScreenSpaceReflections.usf" 183
"E:/Program Files/Epic Games/4.7/Engine/Binaries/Win64/../../../Engine/Shaders/BRDF.usf" 184
"E:/Program Files/Epic Games/4.7/Engine/Binaries/Win64/../../../Engine/Shaders/MonteCarlo.usf" 185
"E:/Program Files/Epic Games/4.7/Engine/Binaries/Win64/../../../Engine/Shaders/FilterVertexShader.usf" 186
"E:/Program Files/Epic Games/4.7/Engine/Binaries/Win64/../../../Engine/Shaders/FilterPixelShader.usf" 187
"E:/Program Files/Epic Games/4.7/Engine/Binaries/Win64/../../../Engine/Shaders/PostProcessVisualizeHDR.usf" 188
"E:/Program Files/Epic Games/4.7/Engine/Binaries/Win64/../../../Engine/Shaders/PostProcessHistogramCommon.usf" 189
"E:/Program Files/Epic Games/4.7/Engine/Binaries/Win64/../../../Engine/Shaders/TonemapCommon.usf" 190
"E:/Program Files/Epic Games/4.7/Engine/Binaries/Win64/../../../Engine/Shaders/MiniFontCommon.usf" 191
"E:/Program Files/Epic Games/4.7/Engine/Binaries/Win64/../../../Engine/Shaders/PostProcessVisualizeBuffer.usf" 192
"E:/Program Files/Epic Games/4.7/Engine/Binaries/Win64/../../../Engine/Shaders/PostProcessUpscale.usf" 193
"E:/Program Files/Epic Games/4.7/Engine/Binaries/Win64/../../../Engine/Shaders/PostProcessTonemap.usf" 194
"E:/Program Files/Epic Games/4.7/Engine/Binaries/Win64/../../../Engine/Shaders/PostProcessTestImage.usf" 195
"E:/Program Files/Epic Games/4.7/Engine/Binaries/Win64/../../../Engine/Shaders/PostProcessTemporalAA.usf" 196
"E:/Program Files/Epic Games/4.7/Engine/Binaries/Win64/../../../Engine/Shaders/PostProcessTemporalCommon.usf" 197
"E:/Program Files/Epic Games/4.7/Engine/Binaries/Win64/../../../Engine/Shaders/PostProcessSubsurface.usf" 198
"E:/Program Files/Epic Games/4.7/Engine/Binaries/Win64/../../../Engine/Shaders/SeparableSSS.usf" 199
"E:/Program Files/Epic Games/4.7/Engine/Binaries/Win64/../../../Engine/Shaders/PostProcessSelectionOutline.usf" 200
"E:/Program Files/Epic Games/4.7/Engine/Binaries/Win64/../../../Engine/Shaders/PostProcessSceneColorFringe.usf" 201
"E:/Program Files/Epic Games/4.7/Engine/Binaries/Win64/../../../Engine/Shaders/PostProcessNoiseBlur.usf" 202
"E:/Program Files/Epic Games/4.7/Engine/Binaries/Win64/../../../Engine/Shaders/PostProcessMotionBlur.usf" 203
"E:/Program Files/Epic Games/4.7/Engine/Binaries/Win64/../../../Engine/Shaders/PostProcessMobile.usf" 204
"E:/Program Files/Epic Games/4.7/Engine/Binaries/Win64/../../../Engine/Shaders/PostProcessMaterialShaders.usf" 205
"E:/Program Files/Epic Games/4.7/Engine/Binaries/Win64/../../../Engine/Shaders/PostProcessLensFlares.usf" 206
"E:/Program Files/Epic Games/4.7/Engine/Binaries/Win64/../../../Engine/Shaders/PostProcessLensBlur.usf" 207
"E:/Program Files/Epic Games/4.7/Engine/Binaries/Win64/../../../Engine/Shaders/PostProcessBloom.usf" 208
"E:/Program Files/Epic Games/4.7/Engine/Binaries/Win64/../../../Engine/Shaders/PostProcessHMD.usf" 209
"E:/Program Files/Epic Games/4.7/Engine/Binaries/Win64/../../../Engine/Shaders/PostProcessHistogramReduce.usf" 210
"E:/Program Files/Epic Games/4.7/Engine/Binaries/Win64/../../../Engine/Shaders/PostProcessHistogram.usf" 211
"E:/Program Files/Epic Games/4.7/Engine/Binaries/Win64/../../../Engine/Shaders/PostProcessGBufferHints.usf" 212
"E:/Program Files/Epic Games/4.7/Engine/Binaries/Win64/../../../Engine/Shaders/PostProcessEyeAdaptation.usf" 213
"E:/Program Files/Epic Games/4.7/Engine/Binaries/Win64/../../../Engine/Shaders/PostProcessDownsample.usf" 214
"E:/Program Files/Epic Games/4.7/Engine/Binaries/Win64/../../../Engine/Shaders/PostProcessDOF.usf" 215
"E:/Program Files/Epic Games/4.7/Engine/Binaries/Win64/../../../Engine/Shaders/PostProcessCompositeEditorPrimitives.usf" 216
"E:/Program Files/Epic Games/4.7/Engine/Binaries/Win64/../../../Engine/Shaders/PostProcessCombineLUTs.usf" 217
"E:/Program Files/Epic Games/4.7/Engine/Binaries/Win64/../../../Engine/Shaders/PostProcessBusyWait.usf" 218
"E:/Program Files/Epic Games/4.7/Engine/Binaries/Win64/../../../Engine/Shaders/PostProcessBokehDOF.usf" 219
"E:/Program Files/Epic Games/4.7/Engine/Binaries/Win64/../../../Engine/Shaders/FXAAShader.usf" 220
"E:/Program Files/Epic Games/4.7/Engine/Binaries/Win64/../../../Engine/Shaders/Fxaa3_11.usf" 221
"E:/Program Files/Epic Games/4.7/Engine/Binaries/Win64/../../../Engine/Shaders/PostProcessPassThrough.usf" 222
"E:/Program Files/Epic Games/4.7/Engine/Binaries/Win64/../../../Engine/Shaders/PostProcessLpvIndirect.usf" 223
"E:/Program Files/Epic Games/4.7/Engine/Binaries/Win64/../../../Engine/Shaders/DeferredLightingCommon.usf" 224
"E:/Program Files/Epic Games/4.7/Engine/Binaries/Win64/../../../Engine/Shaders/DynamicLightingCommon.usf" 225
"E:/Program Files/Epic Games/4.7/Engine/Binaries/Win64/../../../Engine/Shaders/IESLightProfilesCommon.usf" 226
"E:/Program Files/Epic Games/4.7/Engine/Binaries/Win64/../../../Engine/Shaders/LPVFinalPass.usf" 227
"E:/Program Files/Epic Games/4.7/Engine/Binaries/Win64/../../../Engine/Shaders/LPVCommon.usf" 228
"E:/Program Files/Epic Games/4.7/Engine/Binaries/Win64/../../../Engine/Shaders/DeferredDecal.usf" 229
"E:/Program Files/Epic Games/4.7/Engine/Binaries/Win64/../../../Engine/Shaders/PostProcessAmbientOcclusion.usf" 230
"E:/Program Files/Epic Games/4.7/Engine/Binaries/Win64/../../../Engine/Shaders/PostProcessAmbient.usf" 231
"E:/Program Files/Epic Games/4.7/Engine/Binaries/Win64/../../../Engine/Shaders/CubemapCommon.usf" 232
"E:/Program Files/Epic Games/4.7/Engine/Binaries/Win64/../../../Engine/Shaders/VelocityShader.usf" 233
"E:/Program Files/Epic Games/4.7/Engine/Binaries/Win64/../../../Engine/Shaders/Tessellation.usf" 234
"E:/Program Files/Epic Games/4.7/Engine/Binaries/Win64/../../../Engine/Shaders/FlatTessellation.usf" 235
"E:/Program Files/Epic Games/4.7/Engine/Binaries/Win64/../../../Engine/Shaders/PNTriangles.usf" 236
"E:/Program Files/Epic Games/4.7/Engine/Binaries/Win64/../../../Engine/Shaders/TranslucentLightingShaders.usf" 237
"E:/Program Files/Epic Games/4.7/Engine/Binaries/Win64/../../../Engine/Shaders/SHCommon.usf" 238
"E:/Program Files/Epic Games/4.7/Engine/Binaries/Win64/../../../Engine/Shaders/ShadowProjectionCommon.usf" 239
"E:/Program Files/Epic Games/4.7/Engine/Binaries/Win64/../../../Engine/Shaders/TranslucentLightInjectionShaders.usf" 240
"E:/Program Files/Epic Games/4.7/Engine/Binaries/Win64/../../../Engine/Shaders/LightFunctionCommon.usf" 241
"E:/Program Files/Epic Games/4.7/Engine/Binaries/Win64/../../../Engine/Shaders/TranslucentShadowDepthShaders.usf" 242
"E:/Program Files/Epic Games/4.7/Engine/Binaries/Win64/../../../Engine/Shaders/ShadowDepthCommon.usf" 243
"E:/Program Files/Epic Games/4.7/Engine/Binaries/Win64/../../../Engine/Shaders/TiledDeferredLightShaders.usf" 244
"E:/Program Files/Epic Games/4.7/Engine/Binaries/Win64/../../../Engine/Shaders/ShadowProjectionPixelShader.usf" 245
"E:/Program Files/Epic Games/4.7/Engine/Binaries/Win64/../../../Engine/Shaders/ShadowFilteringCommon.usf" 246
"E:/Program Files/Epic Games/4.7/Engine/Binaries/Win64/../../../Engine/Shaders/ShadowProjectionVertexShader.usf" 247
"E:/Program Files/Epic Games/4.7/Engine/Binaries/Win64/../../../Engine/Shaders/ShadowDepthPixelShader.usf" 248
"E:/Program Files/Epic Games/4.7/Engine/Binaries/Win64/../../../Engine/Shaders/LPVWriteVplCommon.usf" 249
"E:/Program Files/Epic Games/4.7/Engine/Binaries/Win64/../../../Engine/Shaders/LPVWriteCommon.usf" 250
"E:/Program Files/Epic Games/4.7/Engine/Binaries/Win64/../../../Engine/Shaders/ShadowDepthVertexShader.usf" 251
"E:/Program Files/Epic Games/4.7/Engine/Binaries/Win64/../../../Engine/Shaders/ShaderComplexityApplyPixelShader.usf" 252
"E:/Program Files/Epic Games/4.7/Engine/Binaries/Win64/../../../Engine/Shaders/ShaderComplexityApplyVertexShader.usf" 253
"E:/Program Files/Epic Games/4.7/Engine/Binaries/Win64/../../../Engine/Shaders/ShaderComplexityAccumulatePixelShader.usf" 254
"E:/Program Files/Epic Games/4.7/Engine/Binaries/Win64/../../../Engine/Shaders/HZBOcclusion.usf" 255
"E:/Program Files/Epic Games/4.7/Engine/Binaries/Win64/../../../Engine/Shaders/OcclusionQueryVertexShader.usf" 256
"E:/Program Files/Epic Games/4.7/Engine/Binaries/Win64/../../../Engine/Shaders/HitProxyPixelShader.usf" 257
"E:/Program Files/Epic Games/4.7/Engine/Binaries/Win64/../../../Engine/Shaders/HitProxyVertexShader.usf" 258
"E:/Program Files/Epic Games/4.7/Engine/Binaries/Win64/../../../Engine/Shaders/ReflectionEnvironmentShaders.usf" 259
"E:/Program Files/Epic Games/4.7/Engine/Binaries/Win64/../../../Engine/Shaders/ReflectionEnvironmentShared.usf" 260
"E:/Program Files/Epic Games/4.7/Engine/Binaries/Win64/../../../Engine/Shaders/SkyLightingShared.usf" 261
"E:/Program Files/Epic Games/4.7/Engine/Binaries/Win64/../../../Engine/Shaders/ReflectionEnvironmentComputeShaders.usf" 262
"E:/Program Files/Epic Games/4.7/Engine/Binaries/Win64/../../../Engine/Shaders/LightShaftShader.usf" 263
"E:/Program Files/Epic Games/4.7/Engine/Binaries/Win64/../../../Engine/Shaders/StationaryLightOverlapShaders.usf" 264
"E:/Program Files/Epic Games/4.7/Engine/Binaries/Win64/../../../Engine/Shaders/DeferredLightPixelShaders.usf" 265
"E:/Program Files/Epic Games/4.7/Engine/Binaries/Win64/../../../Engine/Shaders/DeferredLightVertexShaders.usf" 266
"E:/Program Files/Epic Games/4.7/Engine/Binaries/Win64/../../../Engine/Shaders/LPVVisualise.usf" 267
"E:/Program Files/Epic Games/4.7/Engine/Binaries/Win64/../../../Engine/Shaders/LPVGeometryVolumeCommon.usf" 268
"E:/Program Files/Epic Games/4.7/Engine/Binaries/Win64/../../../Engine/Shaders/LPVDirectLightInject.usf" 269
"E:/Program Files/Epic Games/4.7/Engine/Binaries/Win64/../../../Engine/Shaders/LPVPropagate.usf" 270
"E:/Program Files/Epic Games/4.7/Engine/Binaries/Win64/../../../Engine/Shaders/LPVBuildGeometryVolume.usf" 271
"E:/Program Files/Epic Games/4.7/Engine/Binaries/Win64/../../../Engine/Shaders/LPVInject_AccumulateVplLists.usf" 272
"E:/Program Files/Epic Games/4.7/Engine/Binaries/Win64/../../../Engine/Shaders/LPVInject_GenerateVplLists.usf" 273
"E:/Program Files/Epic Games/4.7/Engine/Binaries/Win64/../../../Engine/Shaders/LPVClearLists.usf" 274
"E:/Program Files/Epic Games/4.7/Engine/Binaries/Win64/../../../Engine/Shaders/LPVClear.usf" 275
"E:/Program Files/Epic Games/4.7/Engine/Binaries/Win64/../../../Engine/Shaders/LightMapDensityShader.usf" 276
"E:/Program Files/Epic Games/4.7/Engine/Binaries/Win64/../../../Engine/Shaders/LightFunctionPixelShader.usf" 277
"E:/Program Files/Epic Games/4.7/Engine/Binaries/Win64/../../../Engine/Shaders/LightFunctionVertexShader.usf" 278
"E:/Program Files/Epic Games/4.7/Engine/Binaries/Win64/../../../Engine/Shaders/HdrCustomResolveShaders.usf" 279
"E:/Program Files/Epic Games/4.7/Engine/Binaries/Win64/../../../Engine/Shaders/GPUBenchmark.usf" 280
"E:/Program Files/Epic Games/4.7/Engine/Binaries/Win64/../../../Engine/Shaders/GammaCorrection.usf" 281
"E:/Program Files/Epic Games/4.7/Engine/Binaries/Win64/../../../Engine/Shaders/BasePassForForwardShadingPixelShader.usf" 282
"E:/Program Files/Epic Games/4.7/Engine/Binaries/Win64/../../../Engine/Shaders/BasePassForForwardShadingCommon.usf" 283
"E:/Program Files/Epic Games/4.7/Engine/Binaries/Win64/../../../Engine/Shaders/LightmapCommon.usf" 284
"E:/Program Files/Epic Games/4.7/Engine/Binaries/Win64/../../../Engine/Shaders/BasePassForForwardShadingVertexShader.usf" 285
"E:/Program Files/Epic Games/4.7/Engine/Binaries/Win64/../../../Engine/Shaders/HeightFogCommon.usf" 286
"E:/Program Files/Epic Games/4.7/Engine/Binaries/Win64/../../../Engine/Shaders/HeightFogPixelShader.usf" 287
"E:/Program Files/Epic Games/4.7/Engine/Binaries/Win64/../../../Engine/Shaders/HeightFogVertexShader.usf" 288
"E:/Program Files/Epic Games/4.7/Engine/Binaries/Win64/../../../Engine/Shaders/DistortAccumulatePS.usf" 289
"E:/Program Files/Epic Games/4.7/Engine/Binaries/Win64/../../../Engine/Shaders/DistortAccumulateVS.usf" 290
"E:/Program Files/Epic Games/4.7/Engine/Binaries/Win64/../../../Engine/Shaders/DistortApplyScreenPS.usf" 291
"E:/Program Files/Epic Games/4.7/Engine/Binaries/Win64/../../../Engine/Shaders/DistanceFieldSurfaceCacheLighting.usf" 292
"E:/Program Files/Epic Games/4.7/Engine/Binaries/Win64/../../../Engine/Shaders/DistanceFieldLightingShared.usf" 293
"E:/Program Files/Epic Games/4.7/Engine/Binaries/Win64/../../../Engine/Shaders/DistanceFieldAOShared.usf" 294
"E:/Program Files/Epic Games/4.7/Engine/Binaries/Win64/../../../Engine/Shaders/SkyLighting.usf" 295
"E:/Program Files/Epic Games/4.7/Engine/Binaries/Win64/../../../Engine/Shaders/DistanceFieldSurfaceCacheLightingCompute.usf" 296
"E:/Program Files/Epic Games/4.7/Engine/Binaries/Win64/../../../Engine/Shaders/DistanceFieldShadowing.usf" 297
"E:/Program Files/Epic Games/4.7/Engine/Binaries/Win64/../../../Engine/Shaders/DepthOnlyPixelShader.usf" 298
"E:/Program Files/Epic Games/4.7/Engine/Binaries/Win64/../../../Engine/Shaders/DepthOnlyVertexShader.usf" 299
"E:/Program Files/Epic Games/4.7/Engine/Binaries/Win64/../../../Engine/Shaders/PositionOnlyDepthVertexShader.usf" 300
"E:/Program Files/Epic Games/4.7/Engine/Binaries/Win64/../../../Engine/Shaders/DownsampleDepthPixelShader.usf" 301
"E:/Program Files/Epic Games/4.7/Engine/Binaries/Win64/../../../Engine/Shaders/BasePassPixelShader.usf" 302
"E:/Program Files/Epic Games/4.7/Engine/Binaries/Win64/../../../Engine/Shaders/BasePassCommon.usf" 303
"E:/Program Files/Epic Games/4.7/Engine/Binaries/Win64/../../../Engine/Shaders/BasePassVertexShader.usf" 304
"E:/Program Files/Epic Games/4.7/Engine/Binaries/Win64/../../../Engine/Shaders/BasePassVertexCommon.usf" 305
"E:/Program Files/Epic Games/4.7/Engine/Binaries/Win64/../../../Engine/Shaders/BasePassTessellationShaders.usf" 306
"E:/Program Files/Epic Games/4.7/Engine/Binaries/Win64/../../../Engine/Shaders/AtmospherePrecompute.usf" 307
"E:/Program Files/Epic Games/4.7/Engine/Binaries/Win64/../../../Engine/Shaders/AtmospherePrecomputeCommon.usf" 308
"E:/Program Files/Epic Games/4.7/Engine/Binaries/Win64/../../../Engine/Shaders/AtmospherePrecomputeInscatter.usf" 309
"E:/Program Files/Epic Games/4.7/Engine/Binaries/Win64/../../../Engine/Shaders/AtmosphericFogShader.usf" 310
"E:/Program Files/Epic Games/4.7/Engine/Binaries/Win64/../../../Engine/Shaders/ParticleSortKeyGen.usf" 311
"E:/Program Files/Epic Games/4.7/Engine/Binaries/Win64/../../../Engine/Shaders/ParticleBoundsShader.usf" 312
"E:/Program Files/Epic Games/4.7/Engine/Binaries/Win64/../../../Engine/Shaders/ParticleSimVisualizeShader.usf" 313
"E:/Program Files/Epic Games/4.7/Engine/Binaries/Win64/../../../Engine/Shaders/ParticleInjectionShader.usf" 314
"E:/Program Files/Epic Games/4.7/Engine/Binaries/Win64/../../../Engine/Shaders/ParticleSimulationShader.usf" 315
"E:/Program Files/Epic Games/4.7/Engine/Binaries/Win64/../../../Engine/Shaders/ParticleCurveInjectionShader.usf" 316
"E:/Program Files/Epic Games/4.7/Engine/Binaries/Win64/../../../Engine/Shaders/VectorFieldCompositeShaders.usf" 317
"E:/Program Files/Epic Games/4.7/Engine/Binaries/Win64/../../../Engine/Shaders/UpdateTextureShaders.usf" 318
"E:/Program Files/Epic Games/4.7/Engine/Binaries/Win64/../../../Engine/Shaders/SimpleElementColorChannelMaskPixelShader.usf" 319
"E:/Program Files/Epic Games/4.7/Engine/Binaries/Win64/../../../Engine/Shaders/SimpleElementHitProxyPixelShader.usf" 320
"E:/Program Files/Epic Games/4.7/Engine/Binaries/Win64/../../../Engine/Shaders/SimpleElementPixelShader.usf" 321
"E:/Program Files/Epic Games/4.7/Engine/Binaries/Win64/../../../Engine/Shaders/ColorUtils.usf" 322
"E:/Program Files/Epic Games/4.7/Engine/Binaries/Win64/../../../Engine/Shaders/SimpleElementVertexShader.usf" 323
"E:/Program Files/Epic Games/4.7/Engine/Binaries/Win64/../../../Engine/Shaders/ScreenVertexShader.usf" 324
"E:/Program Files/Epic Games/4.7/Engine/Binaries/Win64/../../../Engine/Shaders/ScreenPixelShader.usf" 325
"E:/Program Files/Epic Games/4.7/Engine/Binaries/Win64/../../../Engine/Shaders/RadixSortShaders.usf" 326
"E:/Program Files/Epic Games/4.7/Engine/Binaries/Win64/../../../Engine/Shaders/GpuSkinCacheComputeShader.usf" 327
"E:/Program Files/Epic Games/4.7/Engine/Binaries/Win64/../../../Engine/Shaders/NullPixelShader.usf" 328
"E:/Program Files/Epic Games/4.7/Engine/Binaries/Win64/../../../Engine/Shaders/ClearReplacementShaders.usf" 329
"E:/Program Files/Epic Games/4.7/Engine/Binaries/Win64/../../../Engine/Shaders/SimpleElementTexture2DPreviewPixelShader.usf" 330
"E:/Program Files/Epic Games/4.7/Engine/Binaries/Win64/../../../Engine/Shaders/SimpleElementNormalMapPixelShader.usf" 331
"E:/Program Files/Epic Games/4.7/Engine/Binaries/Win64/../../../Engine/Shaders/meshpaintdilatepixelshader.usf" 332
"E:/Program Files/Epic Games/4.7/Engine/Binaries/Win64/../../../Engine/Shaders/meshpaintdilatevertexshader.usf" 333
"E:/Program Files/Epic Games/4.7/Engine/Binaries/Win64/../../../Engine/Shaders/MeshPaintPixelShader.usf" 334
"E:/Program Files/Epic Games/4.7/Engine/Binaries/Win64/../../../Engine/Shaders/MeshPaintVertexShader.usf" 335
"../../../Engine/Config/Android/AndroidEngine.ini" 336
"../../../Engine/Config/HTML5/HTML5Engine.ini" 337
"../../../Engine/Config/IOS/IOSEngine.ini" 338
"../../../Engine/Config/Linux/LinuxEngine.ini" 339
"C:/Users/Daniel/AppData/Local/UnrealEngine/4.7/DerivedDataCache/Boot.ddc" 340
"../../../Engine/DerivedDataCache/Compressed.ddp" 341
"../../../Engine/Content/EditorResources/S_Actor.uasset" 342
"../../../Engine/Content/EditorLandscapeResources/DataLayer.uasset" 343
"../../../Engine/Content/Maps/Templates/Thumbnails/Default.uasset" 344
"../../../Engine/Content/EditorMaterials/ParticleSystems/PSysThumbnail_NoImage.uasset" 345
"../../../Engine/Content/EditorMaterials/ParticleSystems/PSysThumbnail_OOD.uasset" 346
"../../../Engine/Content/EngineFonts/Roboto.uasset" 347
"../../../Engine/Content/EngineMaterials/Widget3DPassThrough_Translucent.uasset" 348
"../../../Engine/Content/EngineMaterials/Widget3DPassThrough.uasset" 349
"../../../Engine/Content/EngineResources/WhiteSquareTexture.uasset" 350
"../../../Engine/Content/Functions/Engine_MaterialFunctions01/Shading/PowerToRoughness.uasset" 351
"../../../Engine/Content/Functions/Engine_MaterialFunctions01/Shading/ConvertFromDiffSpec.uasset" 352
"../../../Engine/Content/EngineMaterials/WorldGridMaterial.uasset" 353
"../../../Engine/Content/Functions/Engine_MaterialFunctions01/Opacity/CameraDepthFade.uasset" 354
"../../../Engine/Content/EngineMaterials/T_Default_Material_Grid_M.uasset" 355
"../../../Engine/Content/EngineMaterials/T_Default_Material_Grid_N.uasset" 356
"../../../Engine/Content/EngineMaterials/DefaultDeferredDecalMaterial.uasset" 357
"../../../Engine/Content/EngineMaterials/DefaultDiffuse.uasset" 358
"../../../Engine/Content/EngineMaterials/DefaultLightFunctionMaterial.uasset" 359
"../../../Engine/Content/EngineMaterials/DefaultPostProcessMaterial.uasset" 360
"../../../Engine/Content/Functions/Engine_MaterialFunctions02/Utility/BreakOutFloat2Components.uasset" 361
"../../../Engine/Content/EngineResources/DefaultTexture.uasset" 362
"../../../Engine/Content/EngineMaterials/Widget3DPassThrough_Translucent_OneSided.uasset" 363
"../../../Engine/Content/EngineMaterials/Widget3DPassThrough_Opaque.uasset" 364
"../../../Engine/Content/EngineMaterials/Widget3DPassThrough_Opaque_OneSided.uasset" 365
"../../../Engine/Content/EngineDamageTypes/DmgTypeBP_Environmental.uasset" 366
"../../../Engine/Content/EngineMeshes/Sphere.uasset" 367
"../../../Engine/Content/EngineFonts/RobotoDistanceField.uasset" 368
"../../../Engine/Content/EngineMaterials/DefaultTextMaterialOpaque.uasset" 369
"../../../Engine/Content/EditorResources/S_Trigger.uasset" 370
"../../../Engine/Content/EngineResources/GradientTexture0.uasset" 371
"../../../Engine/Content/EngineResources/Black.uasset" 372
"../../../Engine/Content/EditorMaterials/MatineeGroups/MAT_Groups_Float.uasset" 373
"../../../Engine/Content/EditorMaterials/MatineeGroups/MAT_Groups_Director.uasset" 374
"../../../Engine/Content/EditorMaterials/MatineeGroups/MAT_Groups_Event.uasset" 375
"../../../Engine/Content/EditorMaterials/MatineeGroups/MAT_Groups_Anim.uasset" 376
"../../../Engine/Content/EditorMaterials/MatineeGroups/MAT_Groups_Fade.uasset" 377
"../../../Engine/Content/EditorMaterials/MatineeGroups/MAT_Groups_Move.uasset" 378
"../../../Engine/Content/EditorMaterials/MatineeGroups/MAT_Groups_Slomo.uasset" 379
"../../../Engine/Content/EditorMaterials/MatineeGroups/MAT_ColorTrack.uasset" 380
"../../../Engine/Content/EditorMaterials/MAT_Groups_Toggle.uasset" 381
"../../../Engine/Content/EditorMaterials/MatineeGroups/MAT_Groups_AudioMaster.uasset" 382
"../../../Engine/Content/EditorMaterials/MatineeGroups/MAT_Groups_Sound.uasset" 383
"../../../Engine/Content/EditorMaterials/MatineeGroups/MAT_Groups_Vector.uasset" 384
"../../../Engine/Content/EditorMaterials/MAT_Groups_Visibility.uasset" 385
"../../../Engine/Content/EngineResources/DefaultTextureCube.uasset" 386
"../../../Engine/Content/EngineSounds/Master.uasset" 387
"../../../Engine/Content/EngineSounds/Music.uasset" 388
"../../../Engine/Content/EngineSounds/SFX.uasset" 389
"../../../Engine/Content/EngineSounds/Normal_Attack.uasset" 390
"../../../Engine/Content/EngineSounds/Special_Attack_PSM.uasset" 391
"../../../Engine/Content/EngineSounds/Duck_Normal_Attack_MixMod.uasset" 392
"../../../Engine/Content/EngineSounds/Voice.uasset" 393
"../../../Engine/Content/EngineMeshes/Cylinder.uasset" 394
"../../../Engine/Content/EngineMaterials/DefaultMaterial.uasset" 395
"../../../Engine/Content/EngineTireTypes/DefaultTireType.uasset" 396
"../../../Engine/Content/Editor/Slate/Fonts/FontAwesome.ttf" 397
"../../../Engine/Content/Editor/Slate/Fonts/DroidSansMono.ttf" 398
"../../../Engine/Content/Editor/Slate/Fonts/Roboto-BoldCondensed.ttf" 399
"../../../Engine/Content/Editor/Slate/Fonts/Roboto-Black.ttf" 400
"../../../Engine/Content/Editor/Slate/Fonts/Roboto-Italic.ttf" 401
"../../../Engine/Content/Editor/Slate/Fonts/Roboto-BoldCondensedItalic.ttf" 402
"../../../Engine/Plugins/2D/Paper2D/Content/MaskedUnlitSpriteMaterial.uasset" 403
"../../../Engine/Plugins/2D/Paper2D/Content/DefaultSpriteMaterial.uasset" 404
"../../../Engine/Plugins/2D/Paper2D/Content/DummySpriteTexture.uasset" 405
"../../../Engine/Plugins/2D/Paper2D/Content/OpaqueUnlitSpriteMaterial.uasset" 406
"../../../Engine/Plugins/2D/Paper2D/Content/DefaultPaperTerrainMaterial.uasset" 407
"../../../Engine/Plugins/2D/Paper2D/Content/DummySprite.uasset" 408
"../../../../../../Documents/GitHub/BattleCars/Content/VehicleAdv/Vehicle/Vehicle_SkelMesh.uasset" 409
"../../../../../../Documents/GitHub/BattleCars/Content/VehicleAdv/Materials/MaterialInstances/Template_BaseBlue.uasset" 410
"../../../../../../Documents/GitHub/BattleCars/Content/VehicleAdv/Materials/Fixed_Template_Master.uasset" 411
"../../../../../../Documents/GitHub/BattleCars/Content/VehicleAdv/Vehicle/VehiclePhysicsAsset.uasset" 412
"../../../../../../Documents/GitHub/BattleCars/Content/VehicleAdv/PhysicsMaterials/Slippery.uasset" 413
"../../../../../../Documents/GitHub/BattleCars/Content/VehicleAdv/Vehicle/VehicleSkeleton.uasset" 414
"../../../../../../Documents/GitHub/BattleCars/Content/VehicleAdv/Vehicle/VehicleAnimationBlueprint.uasset" 415
"../../../../../../Documents/GitHub/BattleCars/Content/VehicleAdv/PhysicsMaterials/NonSlippery.uasset" 416
"../../../../../../Documents/GitHub/BattleCars/Content/VehicleAdv/Sound/Engine_Loop_Cue.uasset" 417
"../../../../../../Documents/GitHub/BattleCars/Content/VehicleAdv/Sound/Engine_att.uasset" 418
"../../../../../../Documents/GitHub/BattleCars/Content/VehicleAdv/Sound/Engine_Speed_01_Loop.uasset" 419
"../../../../../../Documents/GitHub/BattleCars/Content/VehicleAdv/Sound/Engine_Speed_03_Loop.uasset" 420
"../../../../../../Documents/GitHub/BattleCars/Content/VehicleAdv/Sound/Engine_Speed_05_Loop.uasset" 421
"C:/Users/Daniel/AppData/Local/UnrealEngine/4.7/Saved/Config/Windows/SourceControlSettings.ini" 422
"../../../../../../Documents/GitHub/BattleCars/Intermediate/Config/CoalescedSourceConfigs/SourceControlSettings.ini" 423
"E:/Documents/GitHub/BattleCars/Saved/Config/Windows/SourceControlSettings.ini" 424
"../../../Engine/Content/EngineMaterials/RemoveSurfaceMaterial.uasset" 425
"../../../Engine/Content/EngineDebugMaterials/DebugMeshMaterial.uasset" 426
"../../../Engine/Content/EngineMaterials/M_InvalidLightmapSettings.uasset" 427
"../../../Engine/Content/EngineMaterials/InvalidLightmapSettings.uasset" 428
"../../../Engine/Content/EditorMaterials/GizmoMaterial.uasset" 429
"../../../Engine/Content/EngineMaterials/Good64x64TilingNoiseHighFreq.uasset" 430
"../../../Engine/Content/EngineMaterials/DefaultBokeh.uasset" 431
"../../../Engine/Content/EngineMaterials/PreintegratedSkinBRDF.uasset" 432
"../../../Engine/Content/EngineMaterials/MiniFont.uasset" 433
"../../../Engine/Content/EngineMaterials/WeightMapPlaceholderTexture.uasset" 434
"../../../Engine/Content/EngineMaterials/DefaultWhiteGrid.uasset" 435
"../../../Engine/Content/EngineMaterials/DefaultPhysicalMaterial.uasset" 436
"../../../Engine/Content/EngineFonts/RobotoTiny.uasset" 437
"../../../../../../Documents/GitHub/BattleCars/Intermediate/CachedAssetRegistry.bin" 438
"../../../../../../Documents/GitHub/BattleCars/Content/BattleCars/Blueprints/Weapons/RocketLauncher/projectile/thrusterTrail.uasset" 439
"../../../../../../Documents/GitHub/BattleCars/Content/VehicleAdv/Maps/VehicleAdvExampleMap.umap" 440
"../../../Engine/Content/MobileResources/HUD/VirtualJoystick_Thumb.uasset" 441
"../../../Engine/Content/MobileResources/HUD/VirtualJoystick_Background.uasset" 442
"../../../Engine/Content/MobileResources/HUD/T_Castle_ThumbstickOutter.uasset" 443
"../../../Engine/Content/MobileResources/HUD/T_Castle_ThumbstickInner.uasset" 444
"../../../Engine/Content/MobileResources/HUD/MobileHUDDirectionStick.uasset" 445
"../../../Engine/Content/MobileResources/HUD/MobileHUDDirectionPad3.uasset" 446
"../../../Engine/Content/MobileResources/HUD/MobileHUDDirectionPad2.uasset" 447
"../../../Engine/Content/MobileResources/HUD/MobileHUDDirectionPad.uasset" 448
"../../../Engine/Content/MobileResources/HUD/MobileHUDButtonFire.uasset" 449
"../../../Engine/Content/MobileResources/HUD/MobileHUDButton3.uasset" 450
"../../../Engine/Content/MobileResources/HUD/MobileHUDButton2_on.uasset" 451
"../../../Engine/Content/MobileResources/HUD/MobileHUDButton2_off.uasset" 452
"../../../Engine/Content/MobileResources/HUD/MobileHUDButton1_on.uasset" 453
"../../../Engine/Content/MobileResources/HUD/MobileHUDButton1_off.uasset" 454
"../../../Engine/Content/MobileResources/HUD/LeftVirtualJoystickOnly.uasset" 455
"../../../Engine/Content/MobileResources/HUD/DefaultVirtualJoysticks.uasset" 456
"../../../Engine/Content/MobileResources/HUD/AnalogHat.uasset" 457
"../../../Engine/Content/MobileResources/T_MobileMenu2.uasset" 458
"../../../Engine/Content/MobileResources/T_MobileControls_texture.uasset" 459
"../../../../../../Documents/GitHub/BattleCars/Content/VehicleAdv/Vehicle/LeftVirtualJoystickOnly.uasset" 460
"../../../Engine/Content/Maps/Entry.umap" 461
"../../../Engine/Content/EngineMaterials/DefaultNormal.uasset" 462
"../../../../../../Documents/GitHub/BattleCars/Content/BattleCars/Blueprints/vehicles/car_pawn.uasset" 463
"../../../Engine/Content/EditorBlueprintResources/StandardMacros.uasset" 464
"../../../../../../Documents/GitHub/BattleCars/Content/BattleCars/Blueprints/Weapons/vehicle_weapon.uasset" 465
"../../../../../../Documents/GitHub/BattleCars/Content/BattleCars/meshes/weapons/Gun_barrel_greybox.uasset" 466
"../../../../../../Documents/GitHub/BattleCars/Content/BattleCars/meshes/weapons/RocketLauncher/Rocket_launcher_base_pivot_bottom.uasset" 467
"../../../Engine/Content/EngineSky/BP_Sky_Sphere.uasset" 468
"../../../Engine/Content/EngineSky/C_Sky_Cloud_Color.uasset" 469
"../../../Engine/Content/EngineSky/C_Sky_Horizon_Color.uasset" 470
"../../../Engine/Content/EngineSky/C_Sky_Zenith_Color.uasset" 471
"../../../Engine/Content/EngineSky/M_Sky_Panning_Clouds2.uasset" 472
"../../../Engine/Content/EngineSky/T_Sky_Blue.uasset" 473
"../../../Engine/Content/EngineSky/T_Sky_Clouds_M.uasset" 474
"../../../Engine/Content/EngineSky/T_Sky_Stars.uasset" 475
"../../../Engine/Content/EngineSky/SM_SkySphere.uasset" 476
"../../../../../../Documents/GitHub/BattleCars/Content/BattleCars/Blueprints/Weapons/weapon_pickup.uasset" 477
"../../../../../../Documents/GitHub/BattleCars/Content/BattleCars/Blueprints/Weapons/RocketLauncher/RocketLauncher.uasset" 478
"../../../../../../Documents/GitHub/BattleCars/Content/BattleCars/Blueprints/Weapons/RocketLauncher/projectile/Rocket.uasset" 479
"../../../../../../Documents/GitHub/BattleCars/Content/StarterContent/Particles/Materials/m_flare_01.uasset" 480
"../../../../../../Documents/GitHub/BattleCars/Content/BattleCars/meshes/weapons/RocketLauncher/rocket_mesh.uasset" 481
"../../../../../../Documents/GitHub/BattleCars/Content/StarterContent/Particles/P_Explosion.uasset" 482
"../../../../../../Documents/GitHub/BattleCars/Content/StarterContent/Particles/Materials/M_Burst.uasset" 483
"../../../../../../Documents/GitHub/BattleCars/Content/StarterContent/Textures/T_Burst_M.uasset" 484
"../../../../../../Documents/GitHub/BattleCars/Content/StarterContent/Particles/Materials/M_explosion_subUV.uasset" 485
"../../../../../../Documents/GitHub/BattleCars/Content/StarterContent/Textures/T_Explosion_SubUV.uasset" 486
"../../../../../../Documents/GitHub/BattleCars/Content/StarterContent/Particles/Materials/M_radial_ramp.uasset" 487
"../../../Engine/Content/Functions/Engine_MaterialFunctions01/Gradient/RadialGradient.uasset" 488
"../../../../../../Documents/GitHub/BattleCars/Content/StarterContent/Particles/Materials/M_smoke_subUV.uasset" 489
"../../../../../../Documents/GitHub/BattleCars/Content/StarterContent/Textures/T_Smoke_SubUV.uasset" 490
"../../../../../../Documents/GitHub/BattleCars/Content/StarterContent/Textures/T_Smoke_Tiled_D.uasset" 491
"../../../../../../Documents/GitHub/BattleCars/Content/BattleCars/meshes/weapons/RocketLauncher/Rocket_launcher_barrel_and_gyro.uasset" 492
"../../../../../../Documents/GitHub/BattleCars/Content/BattleCars/materials/pickeup_sphere_mat.uasset" 493
"../../../Engine/Content/BasicShapes/Sphere.uasset" 494
"../../../../../../Documents/GitHub/BattleCars/Content/VehicleAdv/Materials/MasterSolidColor.uasset" 495
"../../../Engine/Content/BasicShapes/Cube.uasset" 496
"C:/Users/Daniel/AppData/Local/UnrealEngine/Common/DerivedDataCache/0/8/2/TEXTURE_75F87CE100B546AAB8A1C4132AF9DB17_AUTODXT_D7A6DDC4465E336EBB5A2BAB3BE38__B4AF47D450F330B9D86734C189CDCDF596F27245.udd" 497
"C:/Users/Daniel/AppData/Local/UnrealEngine/Common/DerivedDataCache/8/8/4/TEXTURE_75F87CE100B546AAB8A1C4132AF9DB17_AUTODXT_D7A6DDC4465E336EBB5A2BAB3BE38__7EBEF48E180B68C8573D66EEC7AE897D2679152F.udd" 498
"C:/Users/Daniel/AppData/Local/UnrealEngine/Common/DerivedDataCache/9/0/0/TEXTURE_75F87CE100B546AAB8A1C4132AF9DB17_AUTODXT_D7A6DDC4465E336EBB5A2BAB3BE38__2D4DDDC43754181131022109CCB14356981CDB43.udd" 499
"C:/Users/Daniel/AppData/Local/UnrealEngine/Common/DerivedDataCache/0/7/4/STATICMESH_46A8778361B442A9523C54440EA1E9D_2C1BC8F50A7A43818AFE266EB43D9060_89__D9E79FA36BB5AB794719FC33DE7E5C1263963230.udd" 500
"C:/Users/Daniel/AppData/Local/UnrealEngine/Common/DerivedDataCache/7/9/6/TEXTURE_75F87CE100B546AAB8A1C4132AF9DB17_AUTODXT_D7A6DDC4465E336EBB5A2BAB3BE38__9270DD4EB26431E3021B67EFA2A366151DF7AB43.udd" 501
"C:/Users/Daniel/AppData/Local/UnrealEngine/Common/DerivedDataCache/3/4/7/TEXTURE_75F87CE100B546AAB8A1C4132AF9DB17_AUTODXT_52C559804A172AC7913EED8787200__0A41B124325EFFBB8BD559E947BEB9129A889CDD.udd" 502
"C:/Users/Daniel/AppData/Local/UnrealEngine/Common/DerivedDataCache/9/1/8/PHYSX_$7B1F0627AE$2DABEB$2D4206$2D8D78$2DE16BEB5DDC7E$7D_PHYSXPC_B75073DE44FE2__0EF7AE274D2C39118703F1B9EA426CF7FEB27CE9.udd" 503
"C:/Users/Daniel/AppData/Local/UnrealEngine/Common/DerivedDataCache/6/0/1/TEXTURE_75F87CE100B546AAB8A1C4132AF9DB17_AUTODXT_52C559804A172AC7913EED8787200__2DE4AF1F5E4B8D52E1424E7C267D08CB8AB51C5E.udd" 504
"C:/Users/Daniel/AppData/Local/UnrealEngine/Common/DerivedDataCache/9/3/2/TEXTURE_75F87CE100B546AAB8A1C4132AF9DB17_AUTODXT_97249D8545D6A9D5DE2E3282FC7D3__BEEDCF3914C62E6C8527D2267621241247822A81.udd" 505
"C:/Users/Daniel/AppData/Local/UnrealEngine/Common/DerivedDataCache/4/0/1/TEXTURE_75F87CE100B546AAB8A1C4132AF9DB17_AUTODXT_97249D8545D6A9D5DE2E3282FC7D3__C39C9CE63C80E4F78D0BE972669AA9648284130D.udd" 506
"C:/Users/Daniel/AppData/Local/UnrealEngine/Common/DerivedDataCache/7/8/6/STATICMESH_46A8778361B442A9523C54440EA1E9D_2C1BC8F50A7A43818AFE266EB43D9060_9B__2578D60EB82615FCDCC490C0F990A5A5E0E6E591.udd" 507
"C:/Users/Daniel/AppData/Local/UnrealEngine/Common/DerivedDataCache/2/7/0/PHYSX_$7B1F0627AE$2DABEB$2D4206$2D8D78$2DE16BEB5DDC7E$7D_PHYSXPC_BE1CE2194F888__3EB5AD84CE650A35D27CA69194B23B3B2544A84C.udd" 508
"C:/Users/Daniel/AppData/Local/UnrealEngine/Common/DerivedDataCache/4/4/9/TEXTURE_75F87CE100B546AAB8A1C4132AF9DB17_AUTODXT_52C559804A172AC7913EED8787200__AE27EA37152A551311A619B1B95F64F7608D7264.udd" 509
"C:/Users/Daniel/AppData/Local/UnrealEngine/Common/DerivedDataCache/9/8/6/TEXTURE_75F87CE100B546AAB8A1C4132AF9DB17_AUTODXT_52C559804A172AC7913EED8787200__8796B0CE51D0A9BCB8AB28BEE9C06C194FCF4D4D.udd" 510
"C:/Users/Daniel/AppData/Local/UnrealEngine/Common/DerivedDataCache/1/6/9/TEXTURE_75F87CE100B546AAB8A1C4132AF9DB17_AUTODXT_52C559804A172AC7913EED8787200__46FFB9362D691C8B4CE69740EA2CD7D0147AD51A.udd" 511
"C:/Users/Daniel/AppData/Local/UnrealEngine/Common/DerivedDataCache/3/1/9/TEXTURE_75F87CE100B546AAB8A1C4132AF9DB17_AUTODXT_52C559804A172AC7913EED8787200__2F833E025CCA550F172FCB98D6FF432E5F03B701.udd" 512
"C:/Users/Daniel/AppData/Local/UnrealEngine/Common/DerivedDataCache/9/2/3/TEXTURE_75F87CE100B546AAB8A1C4132AF9DB17_AUTODXT_2DEEED3A4E121199FCA258B4EACBA__40434CB2334E56D9095CF59E3B23EC69BEBF9087.udd" 513
"C:/Users/Daniel/AppData/Local/UnrealEngine/Common/DerivedDataCache/5/5/3/TEXTURE_75F87CE100B546AAB8A1C4132AF9DB17_AUTODXT_2DEEED3A4E121199FCA258B4EACBA__70C3D5D2A3AC995D3184E865B19BA8B8D7119E85.udd" 514
"C:/Users/Daniel/AppData/Local/UnrealEngine/Common/DerivedDataCache/0/3/9/TEXTURE_75F87CE100B546AAB8A1C4132AF9DB17_AUTODXT_2DEEED3A4E121199FCA258B4EACBA__E7743BEEE7DD53821C1BEBBEADFB63D29A3C696A.udd" 515
"C:/Users/Daniel/AppData/Local/UnrealEngine/Common/DerivedDataCache/0/5/6/TEXTURE_75F87CE100B546AAB8A1C4132AF9DB17_DXT1_9810C9B04F44DB14F64A60AB95E43DF4__E4FEAD2D514D0D212574C30698D1EFB26B1546B3.udd" 516
"C:/Users/Daniel/AppData/Local/UnrealEngine/Common/DerivedDataCache/6/0/0/TEXTURE_75F87CE100B546AAB8A1C4132AF9DB17_DXT1_9810C9B04F44DB14F64A60AB95E43DF4__4648E656C562CC13FAA3CEDF1902EE8162E7D364.udd" 517
"C:/Users/Daniel/AppData/Local/UnrealEngine/Common/DerivedDataCache/8/2/5/TEXTURE_75F87CE100B546AAB8A1C4132AF9DB17_DXT1_9810C9B04F44DB14F64A60AB95E43DF4__F52503F4DEA0C688461D0BBF5A5E907B17FD7F88.udd" 518
"C:/Users/Daniel/AppData/Local/UnrealEngine/Common/DerivedDataCache/0/0/2/TEXTURE_75F87CE100B546AAB8A1C4132AF9DB17_DXT1_9810C9B04F44DB14F64A60AB95E43DF4__B467E36D79F10D9DF74BFB883AC1F7E9F308988F.udd" 519
"C:/Users/Daniel/AppData/Local/UnrealEngine/Common/DerivedDataCache/6/9/1/TEXTURE_75F87CE100B546AAB8A1C4132AF9DB17_AUTODXT_97249D8545D6A9D5DE2E3282FC7D3__DD1D3A6E7845DF850B6D3DB88AEC86E525AFF76D.udd" 520
"C:/Users/Daniel/AppData/Local/UnrealEngine/Common/DerivedDataCache/7/7/8/TEXTURE_75F87CE100B546AAB8A1C4132AF9DB17_BGRA8_0C93B3DA4F0AC8BA24469C8204D05F6__317EC0F8EF264272939134E5FAFFB90B4E8062DC.udd" 521
"C:/Users/Daniel/AppData/Local/UnrealEngine/Common/DerivedDataCache/4/5/3/TEXTURE_75F87CE100B546AAB8A1C4132AF9DB17_BGRA8_0C93B3DA4F0AC8BA24469C8204D05F6__4A75F1543EDB3936269F037EAAAFDA78CB1EA679.udd" 522
"C:/Users/Daniel/AppData/Local/UnrealEngine/Common/DerivedDataCache/7/5/5/TEXTURE_75F87CE100B546AAB8A1C4132AF9DB17_DXT1_0C29A974463D2FB7034AD3A9DB9E6C5F__77323854CC800C50F2BF610D87A77D3D101AE9D4.udd" 523
"C:/Users/Daniel/AppData/Local/UnrealEngine/Common/DerivedDataCache/5/1/8/TEXTURE_75F87CE100B546AAB8A1C4132AF9DB17_AUTODXT_97249D8545D6A9D5DE2E3282FC7D3__36A1F6C62E454F2D2A1738B169004ADE5AE1B91E.udd" 524
"C:/Users/Daniel/AppData/Local/UnrealEngine/Common/DerivedDataCache/3/8/3/TEXTURE_75F87CE100B546AAB8A1C4132AF9DB17_DXT1_8461F49E433C592B486F989AF7A0237A__1BC1F5DE2FB9EF88EEF6FC53032A7821FF4CABC6.udd" 525
"C:/Users/Daniel/AppData/Local/UnrealEngine/Common/DerivedDataCache/7/8/4/TEXTURE_75F87CE100B546AAB8A1C4132AF9DB17_BGRA8_0C93B3DA4F0AC8BA24469C8204D05F6__E7FB350B11DBF71367CAB5432A48367520FC3D12.udd" 526
"C:/Users/Daniel/AppData/Local/UnrealEngine/Common/DerivedDataCache/8/8/8/TEXTURE_75F87CE100B546AAB8A1C4132AF9DB17_AUTODXT_97249D8545D6A9D5DE2E3282FC7D3__E0D64DEDDB883F01B4CD630B6C0B16DF0B4FB923.udd" 527
"C:/Users/Daniel/AppData/Local/UnrealEngine/Common/DerivedDataCache/0/6/3/TEXTURE_75F87CE100B546AAB8A1C4132AF9DB17_DXT1_8461F49E433C592B486F989AF7A0237A__E60A708DD31C2017516C3405130863B53EE41E7F.udd" 528
"C:/Users/Daniel/AppData/Local/UnrealEngine/Common/DerivedDataCache/0/4/5/TEXTURE_75F87CE100B546AAB8A1C4132AF9DB17_AUTODXT_97249D8545D6A9D5DE2E3282FC7D3__C824708489C937CD0B8A81805A9EAFBFEA5E02DF.udd" 529
"C:/Users/Daniel/AppData/Local/UnrealEngine/Common/DerivedDataCache/9/3/9/TEXTURE_75F87CE100B546AAB8A1C4132AF9DB17_BGRA8_0C93B3DA4F0AC8BA24469C8204D05F6__5D6D4C6E883C780F814CAAB10CC222CB771349DE.udd" 530
"C:/Users/Daniel/AppData/Local/UnrealEngine/Common/DerivedDataCache/8/7/0/TEXTURE_75F87CE100B546AAB8A1C4132AF9DB17_DXT1_96DDB1004C6DB64772BE719B5175F77C__C1D66A5EB8FDBEA84727F01D4940DD9A4C8D3471.udd" 531
"C:/Users/Daniel/AppData/Local/UnrealEngine/Common/DerivedDataCache/4/4/8/TEXTURE_75F87CE100B546AAB8A1C4132AF9DB17_AUTODXT_0E638EF542F89BC8E2D523B1831E5__0AE2A91F28F1BD1173C3DBDF6197876E3D1DC2BC.udd" 532
"C:/Users/Daniel/AppData/Local/UnrealEngine/Common/DerivedDataCache/2/9/8/TEXTURE_75F87CE100B546AAB8A1C4132AF9DB17_AUTODXT_9152C6284BB11DF59EBFC592F60C9__9AB68FE419177F707DE02628AF5EEB222FAFEC4B.udd" 533
"C:/Users/Daniel/AppData/Local/UnrealEngine/Common/DerivedDataCache/2/5/4/TEXTURE_75F87CE100B546AAB8A1C4132AF9DB17_AUTODXT_B51A69184414615FB0A5439BD6C9A__1EFDAD201307A421F874D3B4D87562F38767D937.udd" 534
"C:/Users/Daniel/AppData/Local/UnrealEngine/Common/DerivedDataCache/1/4/2/TEXTURE_75F87CE100B546AAB8A1C4132AF9DB17_DXT1_96DDB1004C6DB64772BE719B5175F77C__F8897158494BC472CF02FF42018C5248D5603ACD.udd" 535
"C:/Users/Daniel/AppData/Local/UnrealEngine/Common/DerivedDataCache/9/8/7/TEXTURE_75F87CE100B546AAB8A1C4132AF9DB17_AUTODXT_9152C6284BB11DF59EBFC592F60C9__54633C5E3936BA5DF4F9034700231FBF3E1047C4.udd" 536
"C:/Users/Daniel/AppData/Local/UnrealEngine/Common/DerivedDataCache/6/7/6/TEXTURE_75F87CE100B546AAB8A1C4132AF9DB17_AUTODXT_B51A69184414615FB0A5439BD6C9A__FFE445CF19C77422D55D9BC8AB1D04F176B928A0.udd" 537
"C:/Users/Daniel/AppData/Local/UnrealEngine/Common/DerivedDataCache/6/0/1/TEXTURE_75F87CE100B546AAB8A1C4132AF9DB17_DXT1_96DDB1004C6DB64772BE719B5175F77C__9947762259B0BFF5445586B734563524E4439528.udd" 538
"C:/Users/Daniel/AppData/Local/UnrealEngine/Common/DerivedDataCache/9/3/9/TEXTURE_75F87CE100B546AAB8A1C4132AF9DB17_BGRA8_95C513EC44C15D586D968B97F5B6C29__F47C16E0FC3D897D4FF99F19A88B763445211F7F.udd" 539
"C:/Users/Daniel/AppData/Local/UnrealEngine/Common/DerivedDataCache/0/0/7/TEXTURE_75F87CE100B546AAB8A1C4132AF9DB17_DXT1_96DDB1004C6DB64772BE719B5175F77C__7D23C93795718AD6975012150F91F803462C6100.udd" 540
"C:/Users/Daniel/AppData/Local/UnrealEngine/Common/DerivedDataCache/5/5/4/TEXTURE_75F87CE100B546AAB8A1C4132AF9DB17_BGRA8_95C513EC44C15D586D968B97F5B6C29__CE283091444066501AE91A409D1EBB54777453BC.udd" 541
"C:/Users/Daniel/AppData/Local/UnrealEngine/Common/DerivedDataCache/1/2/5/TEXTURE_75F87CE100B546AAB8A1C4132AF9DB17_BGRA8_661CA7514260EAF041395391E02EF65__4D9C1816507A610D22CAD337C59EC7B86B996E64.udd" 542
"C:/Users/Daniel/AppData/Local/UnrealEngine/Common/DerivedDataCache/4/3/8/TEXTURE_75F87CE100B546AAB8A1C4132AF9DB17_AUTODXT_B51A69184414615FB0A5439BD6C9A__CD25017A168707819269E1EB057B6DF91C4AAF7C.udd" 543
"C:/Users/Daniel/AppData/Local/UnrealEngine/Common/DerivedDataCache/7/9/7/TEXTURE_75F87CE100B546AAB8A1C4132AF9DB17_AUTODXT_B51A69184414615FB0A5439BD6C9A__C973BEDDFA31D3F404F0F5B6C9C85147E4A2AC25.udd" 544
"C:/Users/Daniel/AppData/Local/UnrealEngine/Common/DerivedDataCache/5/9/2/MATSM_85DD00DAF10D45C79D4ED0306AF2628B_PCD3D_SM5_2__BC5N_DEV_SL_NODBUF9DB0F8CB__85ABBADE971CAC96EBC5D189EA3C28868856188A.udd" 545
"C:/Users/Daniel/AppData/Local/UnrealEngine/Common/DerivedDataCache/1/3/9/MATSM_85DD00DAF10D45C79D4ED0306AF2628B_PCD3D_SM4_2__BC5N_DEV_SL_NODBUF9DB0F8CB__831A9C137FCFA2BFAF69C171088835588FBC2CEB.udd" 546
"C:/Users/Daniel/AppData/Local/UnrealEngine/Common/DerivedDataCache/3/0/3/MATSM_85DD00DAF10D45C79D4ED0306AF2628B_PCD3D_SM5_2__BC5N_DEV_SL_NODBUF9DEDDE0C__04A8E4C77182D053572B5D282FCD04AB4A134AA9.udd" 547
"C:/Users/Daniel/AppData/Local/UnrealEngine/Common/DerivedDataCache/1/3/9/MATSM_85DD00DAF10D45C79D4ED0306AF2628B_PCD3D_SM4_2__BC5N_DEV_SL_NODBUF9DEDDE0C__30D2A1659753D8EC1052F6DF61B60FE317EB4B6D.udd" 548
"C:/Users/Daniel/AppData/Local/UnrealEngine/Common/DerivedDataCache/9/1/8/MATSM_85DD00DAF10D45C79D4ED0306AF2628B_PCD3D_SM5_2__BC5N_DEV_SL_NODBUF9C0B2ABD__6F00B8672F99BA009761516FA3AD1891EC7744BD.udd" 549
"C:/Users/Daniel/AppData/Local/UnrealEngine/Common/DerivedDataCache/6/9/7/MATSM_85DD00DAF10D45C79D4ED0306AF2628B_PCD3D_SM4_2__BC5N_DEV_SL_NODBUF9C0B2ABD__769DE4734952A8D9C2A84BCD74426BF2AA1A4D6F.udd" 550
"C:/Users/Daniel/AppData/Local/UnrealEngine/Common/DerivedDataCache/0/4/4/MATSM_85DD00DAF10D45C79D4ED0306AF2628B_PCD3D_SM5_2__BC5N_DEV_SL_NODBUF644F9BBC__B07670F717A90E06B3E0E839848426C66C2ADA3A.udd" 551
"C:/Users/Daniel/AppData/Local/UnrealEngine/Common/DerivedDataCache/1/0/8/MATSM_85DD00DAF10D45C79D4ED0306AF2628B_PCD3D_SM4_2__BC5N_DEV_SL_NODBUF644F9BBC__4B340F9CA228BF8AEA3B4203698230219BE77933.udd" 552
"C:/Users/Daniel/AppData/Local/UnrealEngine/Common/DerivedDataCache/4/4/9/MATSM_85DD00DAF10D45C79D4ED0306AF2628B_PCD3D_SM5_2__BC5N_DEV_SL_NODBUF16B8265F__8B2165E6946D8D0B3820A5E84198712ECBACA5BE.udd" 553
"C:/Users/Daniel/AppData/Local/UnrealEngine/Common/DerivedDataCache/1/4/0/MATSM_85DD00DAF10D45C79D4ED0306AF2628B_PCD3D_SM4_2__BC5N_DEV_SL_NODBUF16B8265F__F1185B64D88D6D77E0D1BE4B3810BC7B792FD75F.udd" 554
"C:/Users/Daniel/AppData/Local/UnrealEngine/Common/DerivedDataCache/6/7/5/STATICMESH_46A8778361B442A9523C54440EA1E9D_2C1BC8F50A7A43818AFE266EB43D9060_52__A669F814B7D1B21D7F38BAD27095F940E1E63A11.udd" 555
"C:/Users/Daniel/AppData/Local/UnrealEngine/Common/DerivedDataCache/1/3/6/PHYSX_$7B1F0627AE$2DABEB$2D4206$2D8D78$2DE16BEB5DDC7E$7D_PHYSXPC_13EF0EFD4FD68__63B644E541F20DFAD33CEC0441A4998627E3B614.udd" 556
"C:/Users/Daniel/AppData/Local/UnrealEngine/Common/DerivedDataCache/4/7/9/STATICMESH_46A8778361B442A9523C54440EA1E9D_2C1BC8F50A7A43818AFE266EB43D9060_3B__6C09DE244C7054857127FB3D0565DC7BC4C17D04.udd" 557
"C:/Users/Daniel/AppData/Local/UnrealEngine/Common/DerivedDataCache/9/2/9/PHYSX_$7B1F0627AE$2DABEB$2D4206$2D8D78$2DE16BEB5DDC7E$7D_PHYSXPC_DB2B17AF4C630__52EB3BCC8923CA8C67081F0967EBEB6F2D0C5EA1.udd" 558
"C:/Users/Daniel/AppData/Local/UnrealEngine/Common/DerivedDataCache/9/8/9/MATSM_85DD00DAF10D45C79D4ED0306AF2628B_PCD3D_SM5_2__BC5N_DEV_SL_NODBUF2AB41D6C__429D266F310AA1813D7D3973060C5A05ABF078D0.udd" 559
"C:/Users/Daniel/AppData/Local/UnrealEngine/Common/DerivedDataCache/0/7/1/MATSM_85DD00DAF10D45C79D4ED0306AF2628B_PCD3D_SM4_2__BC5N_DEV_SL_NODBUF2AB41D6C__CF5E916D7E0137F8C77E9CBB94FD72DD67F83535.udd" 560
"C:/Users/Daniel/AppData/Local/UnrealEngine/Common/DerivedDataCache/0/9/8/PHYSX_$7B1F0627AE$2DABEB$2D4206$2D8D78$2DE16BEB5DDC7E$7D_PHYSXPC_7149025D4F88AB5E64076FAA993580FD__1_0_13075_0.udd" 561
"C:/Users/Daniel/AppData/Local/UnrealEngine/Common/DerivedDataCache/1/6/1/MATSM_85DD00DAF10D45C79D4ED0306AF2628B_PCD3D_SM5_2__BC5N_DEV_SL_NODBUFF75DC470__96A6619B276235243E5F332C37B7177C421CCF49.udd" 562
"C:/Users/Daniel/AppData/Local/UnrealEngine/Common/DerivedDataCache/7/5/6/MATSM_85DD00DAF10D45C79D4ED0306AF2628B_PCD3D_SM4_2__BC5N_DEV_SL_NODBUFF75DC470__A892346E6DB260CE1639E8708CB0F03A8158BCE3.udd" 563
"../../../Engine/Content/EditorResources/EmptyActor.uasset" 564
"../../../Engine/Content/EditorResources/AudioIcons/S_AudioComponent_AutoActivate.uasset" 565
"../../../../../../Documents/GitHub/BattleCars/Content/VehicleAdv/Vehicle/WheelData/WheelFront.uasset" 566
"../../../../../../Documents/GitHub/BattleCars/Content/VehicleAdv/Vehicle/WheelData/Vehicle_FrontTireType.uasset" 567
"../../../../../../Documents/GitHub/BattleCars/Content/VehicleAdv/Vehicle/WheelData/WheelBack.uasset" 568
"../../../../../../Documents/GitHub/BattleCars/Content/VehicleAdv/Vehicle/WheelData/Vehicle_BackTireType.uasset" 569
"../../../../../../Documents/GitHub/BattleCars/Content/VehicleAdv/Vehicle/VehicleBodyCollision.uasset" 570
"../../../../../../Documents/GitHub/BattleCars/Content/VehicleAdv/Textures/VehicleJoystick_BackgroundR.uasset" 571
"C:/Users/Daniel/AppData/Local/UnrealEngine/Common/DerivedDataCache/6/1/9/TEXTURE_75F87CE100B546AAB8A1C4132AF9DB17_AUTODXT_1556333844428D4AD8EECC82E760D__32A3871678A18097FA4DB156B13B131B0F89E0A4.udd" 572
"C:/Users/Daniel/AppData/Local/UnrealEngine/Common/DerivedDataCache/9/9/9/TEXTURE_75F87CE100B546AAB8A1C4132AF9DB17_AUTODXT_1556333844428D4AD8EECC82E760D__A48AC414288C34E7954306F5FCA4EECC0C5436FF.udd" 573
"C:/Users/Daniel/AppData/Local/UnrealEngine/Common/DerivedDataCache/3/6/5/TEXTURE_75F87CE100B546AAB8A1C4132AF9DB17_AUTODXT_1556333844428D4AD8EECC82E760D__C742C332EFF143C52B390AC124735101D4C50356.udd" 574
"../../../../../../Documents/GitHub/BattleCars/Content/VehicleAdv/Textures/VehicleJoystick_BackgroundL.uasset" 575
"C:/Users/Daniel/AppData/Local/UnrealEngine/Common/DerivedDataCache/2/2/9/TEXTURE_75F87CE100B546AAB8A1C4132AF9DB17_AUTODXT_66E2858D49ABB78AFDF33EAFEED2F__B72B425973D7F347B9443C6EC1D31C106AFE2E92.udd" 576
"C:/Users/Daniel/AppData/Local/UnrealEngine/Common/DerivedDataCache/1/7/4/TEXTURE_75F87CE100B546AAB8A1C4132AF9DB17_AUTODXT_66E2858D49ABB78AFDF33EAFEED2F__DE635E1ED3C944D83E0AC0EEC04266E8BFF32786.udd" 577
"C:/Users/Daniel/AppData/Local/UnrealEngine/Common/DerivedDataCache/7/1/2/TEXTURE_75F87CE100B546AAB8A1C4132AF9DB17_AUTODXT_66E2858D49ABB78AFDF33EAFEED2F__23770077E4A66743DD024AA21E08E2E98AC31CEC.udd" 578
"../../../../../../Documents/GitHub/BattleCars/Content/VehicleAdv/Sound/Engine_Speed_06_Loop.uasset" 579
"../../../../../../Documents/GitHub/BattleCars/Content/VehicleAdv/Sound/Engine_Speed_04_Loop.uasset" 580
"../../../../../../Documents/GitHub/BattleCars/Content/VehicleAdv/Sound/Engine_Speed_02_Loop.uasset" 581
"../../../../../../Documents/GitHub/BattleCars/Content/VehicleAdv/Materials/MaterialInstances/SolidRed.uasset" 582
"../../../../../../Documents/GitHub/BattleCars/Content/VehicleAdv/Materials/MaterialInstances/SolidOrange.uasset" 583
"../../../../../../Documents/GitHub/BattleCars/Content/VehicleAdv/Materials/MaterialInstances/RedGrid.uasset" 584
"../../../../../../Documents/GitHub/BattleCars/Content/VehicleAdv/Materials/MasterGrid.uasset" 585
"../../../Engine/Content/EngineMaterials/Grid.uasset" 586
"../../../../../../Documents/GitHub/BattleCars/Content/VehicleAdv/Materials/MaterialInstances/LandscapeNoHole.uasset" 587
"../../../../../../Documents/GitHub/BattleCars/Content/VehicleAdv/Materials/Landscape.uasset" 588
"C:/Users/Daniel/AppData/Local/UnrealEngine/Common/DerivedDataCache/0/6/0/MATSM_85DD00DAF10D45C79D4ED0306AF2628B_PCD3D_SM5_2__BC5N_DEV_SL_NODBUF69A0F5BF__8E6C95B30513FB27545E434336CCB8BB829F98EE.udd" 589
"C:/Users/Daniel/AppData/Local/UnrealEngine/Common/DerivedDataCache/1/4/4/MATSM_85DD00DAF10D45C79D4ED0306AF2628B_PCD3D_SM4_2__BC5N_DEV_SL_NODBUF69A0F5BF__55CADB572FA1EB7AD4250B3B238BEF8BD9A69938.udd" 590
"C:/Users/Daniel/AppData/Local/UnrealEngine/Common/DerivedDataCache/5/9/3/MATSM_85DD00DAF10D45C79D4ED0306AF2628B_PCD3D_SM5_2__BC5N_DEV_SL_NODBUF69A0F5BF__37B4A1C59FE332BDA446AC1265672EA119E32C64.udd" 591
"C:/Users/Daniel/AppData/Local/UnrealEngine/Common/DerivedDataCache/6/7/9/MATSM_85DD00DAF10D45C79D4ED0306AF2628B_PCD3D_SM4_2__BC5N_DEV_SL_NODBUF69A0F5BF__75F7DDA38E4F6A82A71E28D9BBFAFAC297BA4D7A.udd" 592
"../../../../../../Documents/GitHub/BattleCars/Content/VehicleAdv/Materials/MaterialInstances/BlackGrid.uasset" 593
"../../../../../../Documents/GitHub/BattleCars/Content/VehicleAdv/Maps/LayerInfo/Track_LayerInfo.uasset" 594
"../../../../../../Documents/GitHub/BattleCars/Content/VehicleAdv/Maps/LayerInfo/Desert_LayerInfo.uasset" 595
"../../../../../../Documents/GitHub/BattleCars/Content/VehicleAdv/ArenaMesh/Turn_90Large.uasset" 596
"../../../../../../Documents/GitHub/BattleCars/Content/VehicleAdv/ArenaMesh/Turn_90.uasset" 597
"../../../../../../Documents/GitHub/BattleCars/Content/VehicleAdv/ArenaMesh/Turn_45.uasset" 598
"../../../../../../Documents/GitHub/BattleCars/Content/VehicleAdv/ArenaMesh/turn_22andhalf.uasset" 599
"../../../../../../Documents/GitHub/BattleCars/Content/VehicleAdv/ArenaMesh/StraightQuarter.uasset" 600
"../../../../../../Documents/GitHub/BattleCars/Content/VehicleAdv/ArenaMesh/StraightHalf.uasset" 601
"../../../../../../Documents/GitHub/BattleCars/Content/VehicleAdv/ArenaMesh/StraightFull.uasset" 602
"../../../../../../Documents/GitHub/BattleCars/Content/VehicleAdv/ArenaMesh/RoadSegment_01.uasset" 603
"../../../../../../Documents/GitHub/BattleCars/Content/VehicleAdv/ArenaMesh/RampTwist.uasset" 604
"../../../../../../Documents/GitHub/BattleCars/Content/VehicleAdv/ArenaMesh/RampLarge.uasset" 605
"../../../../../../Documents/GitHub/BattleCars/Content/VehicleAdv/ArenaMesh/pole.uasset" 606
"../../../../../../Documents/GitHub/BattleCars/Content/VehicleAdv/ArenaMesh/LoopSmall.uasset" 607
"../../../../../../Documents/GitHub/BattleCars/Content/VehicleAdv/ArenaMesh/LoopBig.uasset" 608
"../../../../../../Documents/GitHub/BattleCars/Content/VehicleAdv/ArenaMesh/CubeMesh.uasset" 609
"../../../../../../Documents/GitHub/BattleCars/Content/VehicleAdv/ArenaMesh/CubeMaterial.uasset" 610
"C:/Users/Daniel/AppData/Local/UnrealEngine/Common/DerivedDataCache/2/5/1/MATSM_85DD00DAF10D45C79D4ED0306AF2628B_PCD3D_SM5_2__BC5N_DEV_SL_NODBUF643BB6F8__97199F46FB959C3D5E9890D8C8112392289CAD0C.udd" 611
"C:/Users/Daniel/AppData/Local/UnrealEngine/Common/DerivedDataCache/9/3/5/MATSM_85DD00DAF10D45C79D4ED0306AF2628B_PCD3D_SM4_2__BC5N_DEV_SL_NODBUF643BB6F8__518AD0B0285E61B346D198364A0E9AB7E5A5BFC3.udd" 612
"C:/Users/Daniel/AppData/Local/UnrealEngine/Common/DerivedDataCache/6/7/0/PHYSX_$7B1F0627AE$2DABEB$2D4206$2D8D78$2DE16BEB5DDC7E$7D_PHYSXPC_73AF40A34F3F4__832D7434A58F00F3AD5A9644F1AB90184F95B9D9.udd" 613
"../../../../../../Documents/GitHub/BattleCars/Content/VehicleAdv/ArenaMesh/BumpWedge.uasset" 614
"../../../../../../Documents/GitHub/BattleCars/Content/VehicleAdv/ArenaMesh/BumpWaveSmall.uasset" 615
"../../../../../../Documents/GitHub/BattleCars/Content/VehicleAdv/ArenaMesh/BumpWave.uasset" 616
"../../../../../../Documents/GitHub/BattleCars/Content/VehicleAdv/AdvancedVehicleOverview.uasset" 617
"../../../../../../Documents/GitHub/BattleCars/Content/BattleCars/meshes/weapons/RocketLauncher/rotate_1.uasset" 618
"../../../../../../Documents/GitHub/BattleCars/Content/BattleCars/meshes/weapons/RocketLauncher/Rocket_launcher_base_pivot_top.uasset" 619
"C:/Users/Daniel/AppData/Local/UnrealEngine/Common/DerivedDataCache/5/9/4/STATICMESH_46A8778361B442A9523C54440EA1E9D_2C1BC8F50A7A43818AFE266EB43D9060_43__C014CFAE95E9BD2254796C7316BAA6A3DEAC0AD7.udd" 620
"C:/Users/Daniel/AppData/Local/UnrealEngine/Common/DerivedDataCache/5/2/3/PHYSX_$7B1F0627AE$2DABEB$2D4206$2D8D78$2DE16BEB5DDC7E$7D_PHYSXPC_D78BAABE4AD02__1C882B897CD55D60F0F908F438B49E5E4DC18F20.udd" 621
"../../../../../../Documents/GitHub/BattleCars/Content/BattleCars/meshes/weapons/Gun_stand_greybox.uasset" 622
"C:/Users/Daniel/AppData/Local/UnrealEngine/Common/DerivedDataCache/7/6/0/STATICMESH_46A8778361B442A9523C54440EA1E9D_2C1BC8F50A7A43818AFE266EB43D9060_76__8A48EED77D7075F6BA894B15B2D07C67DF543D3A.udd" 623
"C:/Users/Daniel/AppData/Local/UnrealEngine/Common/DerivedDataCache/8/6/6/PHYSX_$7B1F0627AE$2DABEB$2D4206$2D8D78$2DE16BEB5DDC7E$7D_PHYSXPC_48BC082E498D2__5F3F7898619922881C9D1AD8F104CA6D8D1D5380.udd" 624
"../../../../../../Documents/GitHub/BattleCars/Content/BattleCars/Blueprints/Weapons/vehicle_weapon_Child.uasset" 625
"../../../../../../Documents/GitHub/BattleCars/Content/BattleCars/Blueprints/Weapons/vehicle_weapon_base.uasset" 626
"../../../../../../Documents/GitHub/BattleCars/Content/BattleCars/Blueprints/Weapons/Gun_Slots.uasset" 627
